1638236483964	geckodriver	INFO	Listening on 127.0.0.1:64073
1638236487015	mozrunner::runner	INFO	Running command: "C:\\Program Files\\Mozilla Firefox\\firefox.exe" "--marionette" "--remote-debugging-port" "64074" "-no-remote" "-profile" "C:\\Users\\Dell\\AppData\\Local\\Temp\\rust_mozprofileG6z8Jz"
1638236487891	Marionette	INFO	Marionette enabled
console.warn: SearchSettings: "get: No settings file exists, new profile?" (new NotFoundError("Could not open the file at C:\\Users\\Dell\\AppData\\Local\\Temp\\rust_mozprofileG6z8Jz\\search.json.mozlz4", (void 0)))
DevTools listening on ws://localhost:64074/devtools/browser/5ec00241-4da0-4e58-8eef-b14a15327238
1638236490075	Marionette	INFO	Listening on port 64079
1638236490538	Marionette	WARN	TLS certificate errors will be ignored for this session
1638236492166	Marionette	INFO	Stopped listening on port 64079
!!! error running onStopped callback: TypeError: callback is not a function

###!!! [Child][RunMessage] Error: Channel closing: too late to send/recv, messages will be lost

1638236492549	RemoteAgent	ERROR	unable to stop listener: [Exception... "Component returned failure code: 0x8000ffff (NS_ERROR_UNEXPECTED) [nsIWindowMediator.getEnumerator]"  nsresult: "0x8000ffff (NS_ERROR_UNEXPECTED)"  location: "JS frame :: chrome://remote/content/cdp/observers/TargetObserver.jsm :: stop :: line 64"  data: no] Stack trace: stop()@TargetObserver.jsm:64
unwatchForTabs()@TargetList.jsm:70
unwatchForTargets()@TargetList.jsm:37
destructor()@TargetList.jsm:109
close()@RemoteAgent.jsm:136
1638236492777	geckodriver	INFO	Listening on 127.0.0.1:64105
1638236495828	mozrunner::runner	INFO	Running command: "C:\\Program Files\\Mozilla Firefox\\firefox.exe" "--marionette" "--remote-debugging-port" "64106" "-no-remote" "-profile" "C:\\Users\\Dell\\AppData\\Local\\Temp\\rust_mozprofileIVwsH6"
1638236496236	Marionette	INFO	Marionette enabled
console.warn: SearchSettings: "get: No settings file exists, new profile?" (new NotFoundError("Could not open the file at C:\\Users\\Dell\\AppData\\Local\\Temp\\rust_mozprofileIVwsH6\\search.json.mozlz4", (void 0)))
DevTools listening on ws://localhost:64106/devtools/browser/33a601d7-7ecf-469f-9593-d51c6c47e633
1638236498268	Marionette	INFO	Listening on port 64111
1638236498467	Marionette	WARN	TLS certificate errors will be ignored for this session
1638236503639	Marionette	INFO	Stopped listening on port 64111
JavaScript error: https://admin-demo.nopcommerce.com/lib_npm/jquery/jquery.min.js, line 2: NS_ERROR_NOT_INITIALIZED: 
!!! error running onStopped callback: TypeError: callback is not a function

###!!! [Child][RunMessage] Error: Channel closing: too late to send/recv, messages will be lost

1638236504037	RemoteAgent	ERROR	unable to stop listener: [Exception... "Component returned failure code: 0x8000ffff (NS_ERROR_UNEXPECTED) [nsIWindowMediator.getEnumerator]"  nsresult: "0x8000ffff (NS_ERROR_UNEXPECTED)"  location: "JS frame :: chrome://remote/content/cdp/observers/TargetObserver.jsm :: stop :: line 64"  data: no] Stack trace: stop()@TargetObserver.jsm:64
unwatchForTabs()@TargetList.jsm:70
unwatchForTargets()@TargetList.jsm:37
destructor()@TargetList.jsm:109
close()@RemoteAgent.jsm:136
